2021-09-29T16:47:32.424+0200 INFO Initializing PayMyBuddy
2021-09-29T16:47:33.321+0200 INFO Starting PayMyBuddyApplication on DESKTOP-10MOG2F with PID 7396 (D:\projetoc5\payMyBuddy\target\classes started by USER in D:\projetoc5\payMyBuddy)
2021-09-29T16:47:33.326+0200 INFO No active profile set, falling back to default profiles: default
2021-09-29T16:47:35.375+0200 INFO Bootstrapping Spring Data JPA repositories in DEFAULT mode.
2021-09-29T16:47:35.518+0200 INFO Finished Spring Data repository scanning in 128ms. Found 5 JPA repository interfaces.
2021-09-29T16:47:36.711+0200 INFO Tomcat initialized with port(s): 8080 (http)
2021-09-29T16:47:36.731+0200 INFO Initializing ProtocolHandler ["http-nio-8080"]
2021-09-29T16:47:36.732+0200 INFO Starting service [Tomcat]
2021-09-29T16:47:36.765+0200 INFO Starting Servlet engine: [Apache Tomcat/9.0.34]
2021-09-29T16:47:37.026+0200 INFO Initializing Spring embedded WebApplicationContext
2021-09-29T16:47:37.026+0200 INFO Root WebApplicationContext: initialization completed in 3605 ms
2021-09-29T16:47:37.588+0200 INFO HHH000204: Processing PersistenceUnitInfo [name: default]
2021-09-29T16:47:37.687+0200 INFO HHH000412: Hibernate ORM core version 5.4.15.Final
2021-09-29T16:47:37.956+0200 INFO HCANN000001: Hibernate Commons Annotations {5.1.0.Final}
2021-09-29T16:47:38.164+0200 INFO HikariPool-1 - Starting...
2021-09-29T16:47:38.466+0200 INFO HikariPool-1 - Start completed.
2021-09-29T16:47:38.502+0200 INFO HHH000400: Using dialect: org.hibernate.dialect.MySQL5InnoDBDialect
2021-09-29T16:47:40.294+0200 INFO HHH000490: Using JtaPlatform implementation: [org.hibernate.engine.transaction.jta.platform.internal.NoJtaPlatform]
2021-09-29T16:47:40.305+0200 INFO Initialized JPA EntityManagerFactory for persistence unit 'default'
2021-09-29T16:47:40.417+0200 WARN spring.jpa.open-in-view is enabled by default. Therefore, database queries may be performed during view rendering. Explicitly configure spring.jpa.open-in-view to disable this warning
2021-09-29T16:47:41.979+0200 INFO Exposing 2 endpoint(s) beneath base path '/actuator'
2021-09-29T16:47:41.996+0200 INFO Creating filter chain: any request, [org.springframework.security.web.context.request.async.WebAsyncManagerIntegrationFilter@67521a79, org.springframework.security.web.context.SecurityContextPersistenceFilter@65b69ccb, org.springframework.security.web.header.HeaderWriterFilter@444ebefd, org.springframework.web.filter.CorsFilter@73839f22, org.springframework.security.web.authentication.logout.LogoutFilter@d1973e8, org.springframework.security.web.savedrequest.RequestCacheAwareFilter@6f12b637, org.springframework.security.web.servletapi.SecurityContextHolderAwareRequestFilter@7d1cfe97, org.springframework.security.web.authentication.AnonymousAuthenticationFilter@1512efe9, org.springframework.security.web.session.SessionManagementFilter@65880400, org.springframework.security.web.access.ExceptionTranslationFilter@490704a5, org.springframework.security.web.access.intercept.FilterSecurityInterceptor@59263f7b]
2021-09-29T16:47:42.096+0200 INFO Initializing ExecutorService 'applicationTaskExecutor'
2021-09-29T16:47:42.360+0200 INFO Starting ProtocolHandler ["http-nio-8080"]
2021-09-29T16:47:42.401+0200 INFO Tomcat started on port(s): 8080 (http) with context path ''
2021-09-29T16:47:42.404+0200 INFO Started PayMyBuddyApplication in 9.771 seconds (JVM running for 12.265)
2021-09-29T16:48:10.366+0200 INFO Initializing Spring DispatcherServlet 'dispatcherServlet'
2021-09-29T16:48:10.367+0200 INFO Initializing Servlet 'dispatcherServlet'
2021-09-29T16:48:10.375+0200 INFO Completed initialization in 8 ms
2021-09-29T16:48:10.441+0200 INFO  Get bank accounts with utilisateurId : 5
2021-09-29T16:48:10.455+0200 INFO  Get bank accounts with utilisateurId : 5
2021-09-29T16:48:10.617+0200 DEBUG select comptebanc0_.compte_bancaire_id as compte_b1_0_, comptebanc0_.iban as iban2_0_, comptebanc0_.utilisateur_id as utilisat3_0_ from compte_bancaire comptebanc0_ left outer join utilisateur utilisateu1_ on comptebanc0_.utilisateur_id=utilisateu1_.id where utilisateu1_.id=?
2021-09-29T16:48:14.412+0200 INFO  Get bank accounts with utilisateurId : 1
2021-09-29T16:48:14.413+0200 INFO  Get bank accounts with utilisateurId : 1
2021-09-29T16:48:14.414+0200 DEBUG select comptebanc0_.compte_bancaire_id as compte_b1_0_, comptebanc0_.iban as iban2_0_, comptebanc0_.utilisateur_id as utilisat3_0_ from compte_bancaire comptebanc0_ left outer join utilisateur utilisateu1_ on comptebanc0_.utilisateur_id=utilisateu1_.id where utilisateu1_.id=?
2021-09-29T16:48:14.429+0200 DEBUG select utilisateu0_.id as id1_4_0_, utilisateu0_.adresse as adresse2_4_0_, utilisateu0_.code_postal as code_pos3_4_0_, utilisateu0_.date_de_naissance as date_de_4_4_0_, utilisateu0_.email as email5_4_0_, utilisateu0_.mot_de_passe as mot_de_p6_4_0_, utilisateu0_.nom as nom7_4_0_, utilisateu0_.prenom as prenom8_4_0_, utilisateu0_.role as role9_4_0_, utilisateu0_.solde_disponible as solde_d10_4_0_, utilisateu0_.statut_connexion as statut_11_4_0_, utilisateu0_.telephone as telepho12_4_0_, utilisateu0_.ville as ville13_4_0_ from utilisateur utilisateu0_ where utilisateu0_.id=?
2021-09-30T16:09:19.233+0200 INFO Initializing PayMyBuddy
2021-09-30T16:09:21.113+0200 INFO Starting PayMyBuddyApplication on DESKTOP-10MOG2F with PID 14768 (D:\projetoc5\payMyBuddy\target\classes started by USER in D:\projetoc5\payMyBuddy)
2021-09-30T16:09:21.118+0200 INFO No active profile set, falling back to default profiles: default
2021-09-30T16:09:24.334+0200 INFO Bootstrapping Spring Data JPA repositories in DEFAULT mode.
2021-09-30T16:09:24.507+0200 INFO Finished Spring Data repository scanning in 156ms. Found 5 JPA repository interfaces.
2021-09-30T16:09:26.092+0200 INFO Tomcat initialized with port(s): 8080 (http)
2021-09-30T16:09:26.487+0200 INFO Initializing ProtocolHandler ["http-nio-8080"]
2021-09-30T16:09:26.489+0200 INFO Starting service [Tomcat]
2021-09-30T16:09:26.489+0200 INFO Starting Servlet engine: [Apache Tomcat/9.0.34]
2021-09-30T16:09:27.048+0200 INFO Initializing Spring embedded WebApplicationContext
2021-09-30T16:09:27.048+0200 INFO Root WebApplicationContext: initialization completed in 5800 ms
2021-09-30T16:09:27.785+0200 INFO HHH000204: Processing PersistenceUnitInfo [name: default]
2021-09-30T16:09:27.905+0200 INFO HHH000412: Hibernate ORM core version 5.4.15.Final
2021-09-30T16:09:28.394+0200 INFO HCANN000001: Hibernate Commons Annotations {5.1.0.Final}
2021-09-30T16:09:28.792+0200 INFO HikariPool-1 - Starting...
2021-09-30T16:09:29.310+0200 INFO HikariPool-1 - Start completed.
2021-09-30T16:09:29.349+0200 INFO HHH000400: Using dialect: org.hibernate.dialect.MySQL5InnoDBDialect
2021-09-30T16:09:31.075+0200 INFO HHH000490: Using JtaPlatform implementation: [org.hibernate.engine.transaction.jta.platform.internal.NoJtaPlatform]
2021-09-30T16:09:31.104+0200 INFO Initialized JPA EntityManagerFactory for persistence unit 'default'
2021-09-30T16:09:31.238+0200 WARN spring.jpa.open-in-view is enabled by default. Therefore, database queries may be performed during view rendering. Explicitly configure spring.jpa.open-in-view to disable this warning
2021-09-30T16:09:34.278+0200 INFO Exposing 2 endpoint(s) beneath base path '/actuator'
2021-09-30T16:09:34.300+0200 INFO Creating filter chain: any request, [org.springframework.security.web.context.request.async.WebAsyncManagerIntegrationFilter@4e0139, org.springframework.security.web.context.SecurityContextPersistenceFilter@a319a2e, org.springframework.security.web.header.HeaderWriterFilter@4c438f66, org.springframework.web.filter.CorsFilter@1e4b9592, org.springframework.security.web.authentication.logout.LogoutFilter@2e76d0d3, org.springframework.security.web.savedrequest.RequestCacheAwareFilter@54fffa5a, org.springframework.security.web.servletapi.SecurityContextHolderAwareRequestFilter@15f229e8, org.springframework.security.web.authentication.AnonymousAuthenticationFilter@438a65a7, org.springframework.security.web.session.SessionManagementFilter@2c7aba7c, org.springframework.security.web.access.ExceptionTranslationFilter@5b78a946, org.springframework.security.web.access.intercept.FilterSecurityInterceptor@4a9f0360]
2021-09-30T16:09:34.448+0200 INFO Initializing ExecutorService 'applicationTaskExecutor'
2021-09-30T16:09:34.752+0200 INFO Starting ProtocolHandler ["http-nio-8080"]
2021-09-30T16:09:34.862+0200 INFO Tomcat started on port(s): 8080 (http) with context path ''
2021-09-30T16:09:34.864+0200 INFO Started PayMyBuddyApplication in 15.139 seconds (JVM running for 19.659)
2021-09-30T16:11:11.840+0200 INFO Initializing Spring DispatcherServlet 'dispatcherServlet'
2021-09-30T16:11:11.840+0200 INFO Initializing Servlet 'dispatcherServlet'
2021-09-30T16:11:11.900+0200 INFO Completed initialization in 60 ms
2021-09-30T16:11:12.044+0200 INFO  Get bank accounts with utilisateurId : 1
2021-09-30T16:11:12.062+0200 INFO  Get bank accounts with utilisateurId : 1
2021-09-30T16:11:12.341+0200 DEBUG select comptebanc0_.compte_bancaire_id as compte_b1_0_, comptebanc0_.iban as iban2_0_, comptebanc0_.utilisateur_id as utilisat3_0_ from compte_bancaire comptebanc0_ left outer join utilisateur utilisateu1_ on comptebanc0_.utilisateur_id=utilisateu1_.id where utilisateu1_.id=?
2021-09-30T16:11:12.376+0200 DEBUG select utilisateu0_.id as id1_4_0_, utilisateu0_.adresse as adresse2_4_0_, utilisateu0_.code_postal as code_pos3_4_0_, utilisateu0_.date_de_naissance as date_de_4_4_0_, utilisateu0_.email as email5_4_0_, utilisateu0_.mot_de_passe as mot_de_p6_4_0_, utilisateu0_.nom as nom7_4_0_, utilisateu0_.prenom as prenom8_4_0_, utilisateu0_.role as role9_4_0_, utilisateu0_.solde_disponible as solde_d10_4_0_, utilisateu0_.statut_connexion as statut_11_4_0_, utilisateu0_.telephone as telepho12_4_0_, utilisateu0_.ville as ville13_4_0_ from utilisateur utilisateu0_ where utilisateu0_.id=?
2021-09-30T16:18:59.961+0200 ERROR Servlet.service() for servlet [dispatcherServlet] in context with path [] threw exception
org.springframework.security.web.firewall.RequestRejectedException: The request was rejected because the URL contained a potentially malicious String "//"
	at org.springframework.security.web.firewall.StrictHttpFirewall.rejectedBlacklistedUrls(StrictHttpFirewall.java:369) ~[spring-security-web-5.2.4.RELEASE.jar:5.2.4.RELEASE]
	at org.springframework.security.web.firewall.StrictHttpFirewall.getFirewalledRequest(StrictHttpFirewall.java:336) ~[spring-security-web-5.2.4.RELEASE.jar:5.2.4.RELEASE]
	at org.springframework.security.web.FilterChainProxy.doFilterInternal(FilterChainProxy.java:194) ~[spring-security-web-5.2.4.RELEASE.jar:5.2.4.RELEASE]
	at org.springframework.security.web.FilterChainProxy.doFilter(FilterChainProxy.java:178) ~[spring-security-web-5.2.4.RELEASE.jar:5.2.4.RELEASE]
	at org.springframework.web.filter.DelegatingFilterProxy.invokeDelegate(DelegatingFilterProxy.java:358) ~[spring-web-5.2.6.RELEASE.jar:5.2.6.RELEASE]
	at org.springframework.web.filter.DelegatingFilterProxy.doFilter(DelegatingFilterProxy.java:271) ~[spring-web-5.2.6.RELEASE.jar:5.2.6.RELEASE]
	at org.apache.catalina.core.ApplicationFilterChain.internalDoFilter(ApplicationFilterChain.java:193) ~[tomcat-embed-core-9.0.34.jar:9.0.34]
	at org.apache.catalina.core.ApplicationFilterChain.doFilter(ApplicationFilterChain.java:166) ~[tomcat-embed-core-9.0.34.jar:9.0.34]
	at org.springframework.web.filter.RequestContextFilter.doFilterInternal(RequestContextFilter.java:100) ~[spring-web-5.2.6.RELEASE.jar:5.2.6.RELEASE]
	at org.springframework.web.filter.OncePerRequestFilter.doFilter(OncePerRequestFilter.java:119) ~[spring-web-5.2.6.RELEASE.jar:5.2.6.RELEASE]
	at org.apache.catalina.core.ApplicationFilterChain.internalDoFilter(ApplicationFilterChain.java:193) ~[tomcat-embed-core-9.0.34.jar:9.0.34]
	at org.apache.catalina.core.ApplicationFilterChain.doFilter(ApplicationFilterChain.java:166) ~[tomcat-embed-core-9.0.34.jar:9.0.34]
	at org.springframework.web.filter.FormContentFilter.doFilterInternal(FormContentFilter.java:93) ~[spring-web-5.2.6.RELEASE.jar:5.2.6.RELEASE]
	at org.springframework.web.filter.OncePerRequestFilter.doFilter(OncePerRequestFilter.java:119) ~[spring-web-5.2.6.RELEASE.jar:5.2.6.RELEASE]
	at org.apache.catalina.core.ApplicationFilterChain.internalDoFilter(ApplicationFilterChain.java:193) ~[tomcat-embed-core-9.0.34.jar:9.0.34]
	at org.apache.catalina.core.ApplicationFilterChain.doFilter(ApplicationFilterChain.java:166) ~[tomcat-embed-core-9.0.34.jar:9.0.34]
	at org.springframework.boot.actuate.metrics.web.servlet.WebMvcMetricsFilter.doFilterInternal(WebMvcMetricsFilter.java:109) ~[spring-boot-actuator-2.2.7.RELEASE.jar:2.2.7.RELEASE]
	at org.springframework.web.filter.OncePerRequestFilter.doFilter(OncePerRequestFilter.java:119) ~[spring-web-5.2.6.RELEASE.jar:5.2.6.RELEASE]
	at org.apache.catalina.core.ApplicationFilterChain.internalDoFilter(ApplicationFilterChain.java:193) ~[tomcat-embed-core-9.0.34.jar:9.0.34]
	at org.apache.catalina.core.ApplicationFilterChain.doFilter(ApplicationFilterChain.java:166) ~[tomcat-embed-core-9.0.34.jar:9.0.34]
	at org.springframework.web.filter.CharacterEncodingFilter.doFilterInternal(CharacterEncodingFilter.java:201) ~[spring-web-5.2.6.RELEASE.jar:5.2.6.RELEASE]
	at org.springframework.web.filter.OncePerRequestFilter.doFilter(OncePerRequestFilter.java:119) ~[spring-web-5.2.6.RELEASE.jar:5.2.6.RELEASE]
	at org.apache.catalina.core.ApplicationFilterChain.internalDoFilter(ApplicationFilterChain.java:193) ~[tomcat-embed-core-9.0.34.jar:9.0.34]
	at org.apache.catalina.core.ApplicationFilterChain.doFilter(ApplicationFilterChain.java:166) ~[tomcat-embed-core-9.0.34.jar:9.0.34]
	at org.apache.catalina.core.StandardWrapperValve.invoke(StandardWrapperValve.java:202) [tomcat-embed-core-9.0.34.jar:9.0.34]
	at org.apache.catalina.core.StandardContextValve.invoke(StandardContextValve.java:96) [tomcat-embed-core-9.0.34.jar:9.0.34]
	at org.apache.catalina.authenticator.AuthenticatorBase.invoke(AuthenticatorBase.java:541) [tomcat-embed-core-9.0.34.jar:9.0.34]
	at org.apache.catalina.core.StandardHostValve.invoke(StandardHostValve.java:139) [tomcat-embed-core-9.0.34.jar:9.0.34]
	at org.apache.catalina.valves.ErrorReportValve.invoke(ErrorReportValve.java:92) [tomcat-embed-core-9.0.34.jar:9.0.34]
	at org.apache.catalina.core.StandardEngineValve.invoke(StandardEngineValve.java:74) [tomcat-embed-core-9.0.34.jar:9.0.34]
	at org.apache.catalina.connector.CoyoteAdapter.service(CoyoteAdapter.java:343) [tomcat-embed-core-9.0.34.jar:9.0.34]
	at org.apache.coyote.http11.Http11Processor.service(Http11Processor.java:373) [tomcat-embed-core-9.0.34.jar:9.0.34]
	at org.apache.coyote.AbstractProcessorLight.process(AbstractProcessorLight.java:65) [tomcat-embed-core-9.0.34.jar:9.0.34]
	at org.apache.coyote.AbstractProtocol$ConnectionHandler.process(AbstractProtocol.java:868) [tomcat-embed-core-9.0.34.jar:9.0.34]
	at org.apache.tomcat.util.net.NioEndpoint$SocketProcessor.doRun(NioEndpoint.java:1590) [tomcat-embed-core-9.0.34.jar:9.0.34]
	at org.apache.tomcat.util.net.SocketProcessorBase.run(SocketProcessorBase.java:49) [tomcat-embed-core-9.0.34.jar:9.0.34]
	at java.util.concurrent.ThreadPoolExecutor.runWorker(ThreadPoolExecutor.java:1128) [?:?]
	at java.util.concurrent.ThreadPoolExecutor$Worker.run(ThreadPoolExecutor.java:628) [?:?]
	at org.apache.tomcat.util.threads.TaskThread$WrappingRunnable.run(TaskThread.java:61) [tomcat-embed-core-9.0.34.jar:9.0.34]
	at java.lang.Thread.run(Thread.java:835) [?:?]
2021-09-30T16:19:08.329+0200 INFO Get a user by id : 1
2021-09-30T16:19:08.350+0200 DEBUG select utilisateu0_.id as id1_4_0_, utilisateu0_.adresse as adresse2_4_0_, utilisateu0_.code_postal as code_pos3_4_0_, utilisateu0_.date_de_naissance as date_de_4_4_0_, utilisateu0_.email as email5_4_0_, utilisateu0_.mot_de_passe as mot_de_p6_4_0_, utilisateu0_.nom as nom7_4_0_, utilisateu0_.prenom as prenom8_4_0_, utilisateu0_.role as role9_4_0_, utilisateu0_.solde_disponible as solde_d10_4_0_, utilisateu0_.statut_connexion as statut_11_4_0_, utilisateu0_.telephone as telepho12_4_0_, utilisateu0_.ville as ville13_4_0_ from utilisateur utilisateu0_ where utilisateu0_.id=?
2021-09-30T16:19:08.373+0200 DEBUG select contact0_.utilisateur_id as utilisat1_5_0_, contact0_.destinataire_id as destinat2_5_0_, utilisateu1_.id as id1_4_1_, utilisateu1_.adresse as adresse2_4_1_, utilisateu1_.code_postal as code_pos3_4_1_, utilisateu1_.date_de_naissance as date_de_4_4_1_, utilisateu1_.email as email5_4_1_, utilisateu1_.mot_de_passe as mot_de_p6_4_1_, utilisateu1_.nom as nom7_4_1_, utilisateu1_.prenom as prenom8_4_1_, utilisateu1_.role as role9_4_1_, utilisateu1_.solde_disponible as solde_d10_4_1_, utilisateu1_.statut_connexion as statut_11_4_1_, utilisateu1_.telephone as telepho12_4_1_, utilisateu1_.ville as ville13_4_1_ from utilisateur_contact contact0_ inner join utilisateur utilisateu1_ on contact0_.destinataire_id=utilisateu1_.id where contact0_.utilisateur_id=?
2021-09-30T16:19:08.523+0200 DEBUG select contact0_.utilisateur_id as utilisat1_5_0_, contact0_.destinataire_id as destinat2_5_0_, utilisateu1_.id as id1_4_1_, utilisateu1_.adresse as adresse2_4_1_, utilisateu1_.code_postal as code_pos3_4_1_, utilisateu1_.date_de_naissance as date_de_4_4_1_, utilisateu1_.email as email5_4_1_, utilisateu1_.mot_de_passe as mot_de_p6_4_1_, utilisateu1_.nom as nom7_4_1_, utilisateu1_.prenom as prenom8_4_1_, utilisateu1_.role as role9_4_1_, utilisateu1_.solde_disponible as solde_d10_4_1_, utilisateu1_.statut_connexion as statut_11_4_1_, utilisateu1_.telephone as telepho12_4_1_, utilisateu1_.ville as ville13_4_1_ from utilisateur_contact contact0_ inner join utilisateur utilisateu1_ on contact0_.destinataire_id=utilisateu1_.id where contact0_.utilisateur_id=?
2021-09-30T16:19:08.534+0200 DEBUG select contact0_.utilisateur_id as utilisat1_5_0_, contact0_.destinataire_id as destinat2_5_0_, utilisateu1_.id as id1_4_1_, utilisateu1_.adresse as adresse2_4_1_, utilisateu1_.code_postal as code_pos3_4_1_, utilisateu1_.date_de_naissance as date_de_4_4_1_, utilisateu1_.email as email5_4_1_, utilisateu1_.mot_de_passe as mot_de_p6_4_1_, utilisateu1_.nom as nom7_4_1_, utilisateu1_.prenom as prenom8_4_1_, utilisateu1_.role as role9_4_1_, utilisateu1_.solde_disponible as solde_d10_4_1_, utilisateu1_.statut_connexion as statut_11_4_1_, utilisateu1_.telephone as telepho12_4_1_, utilisateu1_.ville as ville13_4_1_ from utilisateur_contact contact0_ inner join utilisateur utilisateu1_ on contact0_.destinataire_id=utilisateu1_.id where contact0_.utilisateur_id=?
